[31mvoid DBusMenuImporter::slotGetLayoutFinished(QDBusPendingCallWatcher*)[0m: "No such interface 'com.canonical.dbusmenu' on object at path /com/canonical/menu/3A00054"
[31mvoid DBusMenuImporter::slotGetLayoutFinished(QDBusPendingCallWatcher*)[0m: "No such interface 'com.canonical.dbusmenu' on object at path /com/canonical/menu/3A00054"
[31mvoid DBusMenuImporter::slotGetLayoutFinished(QDBusPendingCallWatcher*)[0m: "No such interface 'com.canonical.dbusmenu' on object at path /com/canonical/menu/3A00054"
[31mvoid DBusMenuImporter::slotGetLayoutFinished(QDBusPendingCallWatcher*)[0m: "No such interface 'com.canonical.dbusmenu' on object at path /com/canonical/menu/3A00054"
[31mvoid DBusMenuImporter::slotGetLayoutFinished(QDBusPendingCallWatcher*)[0m: "No such interface 'com.canonical.dbusmenu' on object at path /com/canonical/menu/3A00054"
[31mvoid DBusMenuImporter::slotGetLayoutFinished(QDBusPendingCallWatcher*)[0m: "No such interface 'com.canonical.dbusmenu' on object at path /com/canonical/menu/3A00054"
[31mvoid DBusMenuImporter::slotGetLayoutFinished(QDBusPendingCallWatcher*)[0m: "No such interface 'com.canonical.dbusmenu' on object at path /com/canonical/menu/3A00054"
[31mvoid DBusMenuImporter::slotGetLayoutFinished(QDBusPendingCallWatcher*)[0m: "No such interface 'com.canonical.dbusmenu' on object at path /com/canonical/menu/3A00054"
[31mvoid DBusMenuImporter::slotGetLayoutFinished(QDBusPendingCallWatcher*)[0m: "No such interface 'com.canonical.dbusmenu' on object at path /com/canonical/menu/3A00056"
[31mvoid DBusMenuImporter::slotGetLayoutFinished(QDBusPendingCallWatcher*)[0m: "No such interface 'com.canonical.dbusmenu' on object at path /com/canonical/menu/3A00056"
[31mvoid DBusMenuImporter::slotGetLayoutFinished(QDBusPendingCallWatcher*)[0m: "No such interface 'com.canonical.dbusmenu' on object at path /org/ayatana/bamf/window/31457288"
[31mvoid DBusMenuImporter::slotGetLayoutFinished(QDBusPendingCallWatcher*)[0m: "No such interface 'com.canonical.dbusmenu' on object at path /com/canonical/menu/3A00080"
[31mvoid DBusMenuImporter::slotGetLayoutFinished(QDBusPendingCallWatcher*)[0m: "No such interface 'com.canonical.dbusmenu' on object at path /com/canonical/menu/3A00080"
[31mvoid DBusMenuImporter::slotGetLayoutFinished(QDBusPendingCallWatcher*)[0m: "No such interface 'com.canonical.dbusmenu' on object at path /com/canonical/menu/3A00080"
[31mvoid DBusMenuImporter::slotGetLayoutFinished(QDBusPendingCallWatcher*)[0m: "No such interface 'com.canonical.dbusmenu' on object at path /com/canonical/menu/3A00080"
[31mvoid DBusMenuImporter::slotGetLayoutFinished(QDBusPendingCallWatcher*)[0m: "No such interface 'com.canonical.dbusmenu' on object at path /com/canonical/menu/3A00080"
[31mvoid DBusMenuImporter::slotGetLayoutFinished(QDBusPendingCallWatcher*)[0m: "No such interface 'com.canonical.dbusmenu' on object at path /com/canonical/menu/3A00080"
[31mvoid DBusMenuImporter::slotGetLayoutFinished(QDBusPendingCallWatcher*)[0m: "No such interface 'com.canonical.dbusmenu' on object at path /com/canonical/menu/3A00080"
[31mvoid DBusMenuImporter::slotGetLayoutFinished(QDBusPendingCallWatcher*)[0m: "No such interface 'com.canonical.dbusmenu' on object at path /org/ayatana/bamf/window/69212016"
[31mvoid DBusMenuImporter::slotGetLayoutFinished(QDBusPendingCallWatcher*)[0m: "No such interface 'com.canonical.dbusmenu' on object at path /org/ayatana/bamf/window/77594756"
[31mvoid DBusMenuImporter::slotGetLayoutFinished(QDBusPendingCallWatcher*)[0m: "No such interface 'com.canonical.dbusmenu' on object at path /com/canonical/menu/3A000A7"
[31mvoid DBusMenuImporter::slotGetLayoutFinished(QDBusPendingCallWatcher*)[0m: "No such interface 'com.canonical.dbusmenu' on object at path /com/canonical/menu/3A000A9"
[31mvoid DBusMenuImporter::slotGetLayoutFinished(QDBusPendingCallWatcher*)[0m: "No such interface 'com.canonical.dbusmenu' on object at path /org/ayatana/bamf/window/60817677"
[31mvoid DBusMenuImporter::slotGetLayoutFinished(QDBusPendingCallWatcher*)[0m: "No such interface 'com.canonical.dbusmenu' on object at path /com/canonical/menu/3A0010D"
[31mvoid DBusMenuImporter::slotGetLayoutFinished(QDBusPendingCallWatcher*)[0m: "No such interface 'com.canonical.dbusmenu' on object at path /org/ayatana/bamf/window/69206031"
[31mvoid DBusMenuImporter::slotGetLayoutFinished(QDBusPendingCallWatcher*)[0m: "No such interface 'com.canonical.dbusmenu' on object at path /org/ayatana/bamf/window/69206031"
QCoreApplication::postEvent: Unexpected null receiver
[31mvoid DBusMenuImporter::slotGetLayoutFinished(QDBusPendingCallWatcher*)[0m: "No such interface 'com.canonical.dbusmenu' on object at path /org/ayatana/bamf/window/69206031"
QCoreApplication::postEvent: Unexpected null receiver
[31mvoid DBusMenuImporter::slotGetLayoutFinished(QDBusPendingCallWatcher*)[0m: "No such interface 'com.canonical.dbusmenu' on object at path /org/ayatana/bamf/window/69206031"
QCoreApplication::postEvent: Unexpected null receiver
[31mvoid DBusMenuImporter::slotGetLayoutFinished(QDBusPendingCallWatcher*)[0m: "No such interface 'com.canonical.dbusmenu' on object at path /org/ayatana/bamf/window/69206031"
[31mvoid DBusMenuImporter::slotGetLayoutFinished(QDBusPendingCallWatcher*)[0m: "No such interface 'com.canonical.dbusmenu' on object at path /org/ayatana/bamf/window/79691792"
[31mvoid DBusMenuImporter::slotGetLayoutFinished(QDBusPendingCallWatcher*)[0m: "No such interface 'com.canonical.dbusmenu' on object at path /org/ayatana/bamf/window/79691783"
QCoreApplication::postEvent: Unexpected null receiver
[31mvoid DBusMenuImporter::slotGetLayoutFinished(QDBusPendingCallWatcher*)[0m: "No such interface 'com.canonical.dbusmenu' on object at path /org/ayatana/bamf/window/31457288"
[31mvoid DBusMenuImporter::slotGetLayoutFinished(QDBusPendingCallWatcher*)[0m: "No such interface 'com.canonical.dbusmenu' on object at path /org/ayatana/bamf/window/69207198"
[31mvoid DBusMenuImporter::slotGetLayoutFinished(QDBusPendingCallWatcher*)[0m: "No such interface 'com.canonical.dbusmenu' on object at path /org/ayatana/bamf/window/69207314"
[31mvoid DBusMenuImporter::slotGetLayoutFinished(QDBusPendingCallWatcher*)[0m: "No such interface 'com.canonical.dbusmenu' on object at path /org/ayatana/bamf/window/31468188"
[31mvoid DBusMenuImporter::slotGetLayoutFinished(QDBusPendingCallWatcher*)[0m: "No such interface 'com.canonical.dbusmenu' on object at path /org/ayatana/bamf/window/31476249"
[31mvoid DBusMenuImporter::slotGetLayoutFinished(QDBusPendingCallWatcher*)[0m: "No such interface 'com.canonical.dbusmenu' on object at path /org/ayatana/bamf/window/31477022"
[31mvoid DBusMenuImporter::slotGetLayoutFinished(QDBusPendingCallWatcher*)[0m: "No such interface 'com.canonical.dbusmenu' on object at path /org/ayatana/bamf/window/81788957"
[31mvoid DBusMenuImporter::slotGetLayoutFinished(QDBusPendingCallWatcher*)[0m: "No such interface 'com.canonical.dbusmenu' on object at path /org/ayatana/bamf/window/31481267"
[31mvoid DBusMenuImporter::slotGetLayoutFinished(QDBusPendingCallWatcher*)[0m: "No such interface 'com.canonical.dbusmenu' on object at path /org/ayatana/bamf/window/48265000"
[31mvoid DBusMenuImporter::slotGetLayoutFinished(QDBusPendingCallWatcher*)[0m: "No such interface 'com.canonical.dbusmenu' on object at path /com/canonical/menu/3A00192"
[31mvoid DBusMenuImporter::slotGetLayoutFinished(QDBusPendingCallWatcher*)[0m: "No such interface 'com.canonical.dbusmenu' on object at path /com/canonical/menu/3A00194"
[31mvoid DBusMenuImporter::slotGetLayoutFinished(QDBusPendingCallWatcher*)[0m: "No such interface 'com.canonical.dbusmenu' on object at path /com/canonical/menu/3A00197"
[31mvoid DBusMenuImporter::slotGetLayoutFinished(QDBusPendingCallWatcher*)[0m: "No such interface 'com.canonical.dbusmenu' on object at path /com/canonical/menu/3A00199"
[31mvoid DBusMenuImporter::slotGetLayoutFinished(QDBusPendingCallWatcher*)[0m: "No such interface 'com.canonical.dbusmenu' on object at path /com/canonical/menu/3A00199"
[31mvoid DBusMenuImporter::slotGetLayoutFinished(QDBusPendingCallWatcher*)[0m: "No such interface 'com.canonical.dbusmenu' on object at path /com/canonical/menu/3A0019B"
[31mvoid DBusMenuImporter::slotGetLayoutFinished(QDBusPendingCallWatcher*)[0m: "No such interface 'com.canonical.dbusmenu' on object at path /com/canonical/menu/3A0019B"
[31mvoid DBusMenuImporter::slotGetLayoutFinished(QDBusPendingCallWatcher*)[0m: "No such interface 'com.canonical.dbusmenu' on object at path /com/canonical/menu/3A0019B"
[31mvoid DBusMenuImporter::slotGetLayoutFinished(QDBusPendingCallWatcher*)[0m: "No such interface 'com.canonical.dbusmenu' on object at path /com/canonical/menu/3A0019B"
[31mvoid DBusMenuImporter::slotGetLayoutFinished(QDBusPendingCallWatcher*)[0m: "No such interface 'com.canonical.dbusmenu' on object at path /com/canonical/menu/3A0019B"
[31mvoid DBusMenuImporter::slotGetLayoutFinished(QDBusPendingCallWatcher*)[0m: "No such interface 'com.canonical.dbusmenu' on object at path /com/canonical/menu/3A0019B"
[31mvoid DBusMenuImporter::slotGetLayoutFinished(QDBusPendingCallWatcher*)[0m: "No such interface 'com.canonical.dbusmenu' on object at path /com/canonical/menu/3A0019B"
[31mvoid DBusMenuImporter::slotGetLayoutFinished(QDBusPendingCallWatcher*)[0m: "No such interface 'com.canonical.dbusmenu' on object at path /com/canonical/menu/3A0019F"
[31mvoid DBusMenuImporter::slotGetLayoutFinished(QDBusPendingCallWatcher*)[0m: "No such interface 'com.canonical.dbusmenu' on object at path /com/canonical/menu/3A001A6"
[31mvoid DBusMenuImporter::slotGetLayoutFinished(QDBusPendingCallWatcher*)[0m: "No such interface 'com.canonical.dbusmenu' on object at path /com/canonical/menu/3A001A6"
[31mvoid DBusMenuImporter::slotGetLayoutFinished(QDBusPendingCallWatcher*)[0m: "No such interface 'com.canonical.dbusmenu' on object at path /com/canonical/menu/3A001A6"
[31mvoid DBusMenuImporter::slotGetLayoutFinished(QDBusPendingCallWatcher*)[0m: "No such interface 'com.canonical.dbusmenu' on object at path /com/canonical/menu/3A001A6"
[31mvoid DBusMenuImporter::slotGetLayoutFinished(QDBusPendingCallWatcher*)[0m: "No such interface 'com.canonical.dbusmenu' on object at path /com/canonical/menu/3A001A6"
[31mvoid DBusMenuImporter::slotGetLayoutFinished(QDBusPendingCallWatcher*)[0m: "No such interface 'com.canonical.dbusmenu' on object at path /com/canonical/menu/3A001A6"
[31mvoid DBusMenuImporter::slotGetLayoutFinished(QDBusPendingCallWatcher*)[0m: "No such interface 'com.canonical.dbusmenu' on object at path /com/canonical/menu/3A001A6"
[31mvoid DBusMenuImporter::slotGetLayoutFinished(QDBusPendingCallWatcher*)[0m: "No such interface 'com.canonical.dbusmenu' on object at path /com/canonical/menu/3A001AF"
[31mvoid DBusMenuImporter::slotGetLayoutFinished(QDBusPendingCallWatcher*)[0m: "No such interface 'com.canonical.dbusmenu' on object at path /org/ayatana/bamf/window/48273838"
[31mvoid DBusMenuImporter::slotGetLayoutFinished(QDBusPendingCallWatcher*)[0m: "No such interface 'com.canonical.dbusmenu' on object at path /org/ayatana/bamf/window/14681098"
[31mvoid DBusMenuImporter::slotGetLayoutFinished(QDBusPendingCallWatcher*)[0m: "No such interface 'com.canonical.dbusmenu' on object at path /org/ayatana/bamf/window/75497479"
[31mvoid DBusMenuImporter::slotGetLayoutFinished(QDBusPendingCallWatcher*)[0m: "No such interface 'com.canonical.dbusmenu' on object at path /com/canonical/menu/3A001B2"
[31mvoid DBusMenuImporter::slotGetLayoutFinished(QDBusPendingCallWatcher*)[0m: "No such interface 'com.canonical.dbusmenu' on object at path /com/canonical/menu/3A001B2"
[31mvoid DBusMenuImporter::slotGetLayoutFinished(QDBusPendingCallWatcher*)[0m: "No such interface 'com.canonical.dbusmenu' on object at path /com/canonical/menu/3A001B2"
[31mvoid DBusMenuImporter::slotGetLayoutFinished(QDBusPendingCallWatcher*)[0m: "No such interface 'com.canonical.dbusmenu' on object at path /com/canonical/menu/3A001B2"
[31mvoid DBusMenuImporter::slotGetLayoutFinished(QDBusPendingCallWatcher*)[0m: "No such interface 'com.canonical.dbusmenu' on object at path /com/canonical/menu/3A001B2"
[31mvoid DBusMenuImporter::slotGetLayoutFinished(QDBusPendingCallWatcher*)[0m: "No such interface 'com.canonical.dbusmenu' on object at path /com/canonical/menu/3A001B2"
[31mvoid DBusMenuImporter::slotGetLayoutFinished(QDBusPendingCallWatcher*)[0m: "No such interface 'com.canonical.dbusmenu' on object at path /com/canonical/menu/3A001B2"
[31mvoid DBusMenuImporter::slotGetLayoutFinished(QDBusPendingCallWatcher*)[0m: "No such interface 'com.canonical.dbusmenu' on object at path /com/canonical/menu/3A001BA"
[31mvoid DBusMenuImporter::slotGetLayoutFinished(QDBusPendingCallWatcher*)[0m: "No such interface 'com.canonical.dbusmenu' on object at path /com/canonical/menu/3A001BA"
[31mvoid DBusMenuImporter::slotGetLayoutFinished(QDBusPendingCallWatcher*)[0m: "No such interface 'com.canonical.dbusmenu' on object at path /com/canonical/menu/3A001BA"
[31mvoid DBusMenuImporter::slotGetLayoutFinished(QDBusPendingCallWatcher*)[0m: "No such interface 'com.canonical.dbusmenu' on object at path /com/canonical/menu/3A001BA"
[31mvoid DBusMenuImporter::slotGetLayoutFinished(QDBusPendingCallWatcher*)[0m: "No such interface 'com.canonical.dbusmenu' on object at path /com/canonical/menu/3A001BA"
[31mvoid DBusMenuImporter::slotGetLayoutFinished(QDBusPendingCallWatcher*)[0m: "No such interface 'com.canonical.dbusmenu' on object at path /com/canonical/menu/3A001BA"
[31mvoid DBusMenuImporter::slotGetLayoutFinished(QDBusPendingCallWatcher*)[0m: "No such interface 'com.canonical.dbusmenu' on object at path /com/canonical/menu/3A001BA"
[31mvoid DBusMenuImporter::slotGetLayoutFinished(QDBusPendingCallWatcher*)[0m: "No such interface 'com.canonical.dbusmenu' on object at path /com/canonical/menu/3A001BA"
[31mvoid DBusMenuImporter::slotGetLayoutFinished(QDBusPendingCallWatcher*)[0m: "No such interface 'com.canonical.dbusmenu' on object at path /com/canonical/menu/3A001C3"
[31mvoid DBusMenuImporter::slotGetLayoutFinished(QDBusPendingCallWatcher*)[0m: "No such interface 'com.canonical.dbusmenu' on object at path /com/canonical/menu/3A001C1"
[31mvoid DBusMenuImporter::slotGetLayoutFinished(QDBusPendingCallWatcher*)[0m: "No such interface 'com.canonical.dbusmenu' on object at path /com/canonical/menu/3A001C1"
[31mvoid DBusMenuImporter::slotGetLayoutFinished(QDBusPendingCallWatcher*)[0m: "No such interface 'com.canonical.dbusmenu' on object at path /com/canonical/menu/3A001C1"
[31mvoid DBusMenuImporter::slotGetLayoutFinished(QDBusPendingCallWatcher*)[0m: "No such interface 'com.canonical.dbusmenu' on object at path /com/canonical/menu/3A001C1"
[31mvoid DBusMenuImporter::slotGetLayoutFinished(QDBusPendingCallWatcher*)[0m: "No such interface 'com.canonical.dbusmenu' on object at path /com/canonical/menu/3A001C1"
[31mvoid DBusMenuImporter::slotGetLayoutFinished(QDBusPendingCallWatcher*)[0m: "No such interface 'com.canonical.dbusmenu' on object at path /com/canonical/menu/3A001C1"
[31mvoid DBusMenuImporter::slotGetLayoutFinished(QDBusPendingCallWatcher*)[0m: "No such interface 'com.canonical.dbusmenu' on object at path /com/canonical/menu/3A001C1"
[31mvoid DBusMenuImporter::slotGetLayoutFinished(QDBusPendingCallWatcher*)[0m: "No such interface 'com.canonical.dbusmenu' on object at path /com/canonical/menu/3A001C5"
[31mvoid DBusMenuImporter::slotGetLayoutFinished(QDBusPendingCallWatcher*)[0m: "No such interface 'com.canonical.dbusmenu' on object at path /com/canonical/menu/3A001C3"
[31mvoid DBusMenuImporter::slotGetLayoutFinished(QDBusPendingCallWatcher*)[0m: "No such interface 'com.canonical.dbusmenu' on object at path /com/canonical/menu/3A001C5"
[31mvoid DBusMenuImporter::slotGetLayoutFinished(QDBusPendingCallWatcher*)[0m: "No such interface 'com.canonical.dbusmenu' on object at path /com/canonical/menu/3A001C8"
[31mvoid DBusMenuImporter::slotGetLayoutFinished(QDBusPendingCallWatcher*)[0m: "No such interface 'com.canonical.dbusmenu' on object at path /com/canonical/menu/3A001C8"
[31mvoid DBusMenuImporter::slotGetLayoutFinished(QDBusPendingCallWatcher*)[0m: "No such interface 'com.canonical.dbusmenu' on object at path /com/canonical/menu/3A001C8"
[31mvoid DBusMenuImporter::slotGetLayoutFinished(QDBusPendingCallWatcher*)[0m: "No such interface 'com.canonical.dbusmenu' on object at path /com/canonical/menu/3A001C8"
[31mvoid DBusMenuImporter::slotGetLayoutFinished(QDBusPendingCallWatcher*)[0m: "No such interface 'com.canonical.dbusmenu' on object at path /com/canonical/menu/3A001C8"
[31mvoid DBusMenuImporter::slotGetLayoutFinished(QDBusPendingCallWatcher*)[0m: "No such interface 'com.canonical.dbusmenu' on object at path /com/canonical/menu/3A001C8"
[31mvoid DBusMenuImporter::slotGetLayoutFinished(QDBusPendingCallWatcher*)[0m: "No such interface 'com.canonical.dbusmenu' on object at path /com/canonical/menu/3A001C8"
[31mvoid DBusMenuImporter::slotGetLayoutFinished(QDBusPendingCallWatcher*)[0m: "No such interface 'com.canonical.dbusmenu' on object at path /com/canonical/menu/3A001C8"
[31mvoid DBusMenuImporter::slotGetLayoutFinished(QDBusPendingCallWatcher*)[0m: "No such interface 'com.canonical.dbusmenu' on object at path /com/canonical/menu/3A001CA"
[31mvoid DBusMenuImporter::slotGetLayoutFinished(QDBusPendingCallWatcher*)[0m: "No such interface 'com.canonical.dbusmenu' on object at path /com/canonical/menu/3A001CA"
[31mvoid DBusMenuImporter::slotGetLayoutFinished(QDBusPendingCallWatcher*)[0m: "No such interface 'com.canonical.dbusmenu' on object at path /com/canonical/menu/3A001CA"
[31mvoid DBusMenuImporter::slotGetLayoutFinished(QDBusPendingCallWatcher*)[0m: "No such interface 'com.canonical.dbusmenu' on object at path /com/canonical/menu/3A001CA"
[31mvoid DBusMenuImporter::slotGetLayoutFinished(QDBusPendingCallWatcher*)[0m: "No such interface 'com.canonical.dbusmenu' on object at path /com/canonical/menu/3A001CA"
[31mvoid DBusMenuImporter::slotGetLayoutFinished(QDBusPendingCallWatcher*)[0m: "No such interface 'com.canonical.dbusmenu' on object at path /com/canonical/menu/3A001CA"
[31mvoid DBusMenuImporter::slotGetLayoutFinished(QDBusPendingCallWatcher*)[0m: "No such interface 'com.canonical.dbusmenu' on object at path /com/canonical/menu/3A001CA"
[31mvoid DBusMenuImporter::slotGetLayoutFinished(QDBusPendingCallWatcher*)[0m: "No such interface 'com.canonical.dbusmenu' on object at path /com/canonical/menu/3A001CC"
QCoreApplication::postEvent: Unexpected null receiver
[31mvoid DBusMenuImporter::slotGetLayoutFinished(QDBusPendingCallWatcher*)[0m: "No such interface 'com.canonical.dbusmenu' on object at path /org/ayatana/bamf/window/48283501"
[31mvoid DBusMenuImporter::slotGetLayoutFinished(QDBusPendingCallWatcher*)[0m: "No such interface 'com.canonical.dbusmenu' on object at path /com/canonical/menu/3A001BE"
[31mvoid DBusMenuImporter::slotGetLayoutFinished(QDBusPendingCallWatcher*)[0m: "No such interface 'com.canonical.dbusmenu' on object at path /org/ayatana/bamf/window/60817874"
[31mvoid DBusMenuImporter::slotGetLayoutFinished(QDBusPendingCallWatcher*)[0m: "No such interface 'com.canonical.dbusmenu' on object at path /com/canonical/menu/3A001D2"
[31mvoid DBusMenuImporter::slotGetLayoutFinished(QDBusPendingCallWatcher*)[0m: "No such interface 'com.canonical.dbusmenu' on object at path /org/ayatana/bamf/window/48284936"
[31mvoid DBusMenuImporter::slotGetLayoutFinished(QDBusPendingCallWatcher*)[0m: "No such interface 'com.canonical.dbusmenu' on object at path /org/ayatana/bamf/window/48287524"
[31mvoid DBusMenuImporter::slotGetLayoutFinished(QDBusPendingCallWatcher*)[0m: "No such interface 'com.canonical.dbusmenu' on object at path /org/ayatana/bamf/window/58723712"
[31mvoid DBusMenuImporter::slotGetLayoutFinished(QDBusPendingCallWatcher*)[0m: "No such interface 'com.canonical.dbusmenu' on object at path /org/ayatana/bamf/window/48288145"
[31mvoid DBusMenuImporter::slotGetLayoutFinished(QDBusPendingCallWatcher*)[0m: "No such interface 'com.canonical.dbusmenu' on object at path /org/ayatana/bamf/window/60817896"
[31mvoid DBusMenuImporter::slotGetLayoutFinished(QDBusPendingCallWatcher*)[0m: "No such interface 'com.canonical.dbusmenu' on object at path /com/canonical/menu/3A001E8"
[31mvoid DBusMenuImporter::slotGetLayoutFinished(QDBusPendingCallWatcher*)[0m: "No such interface 'com.canonical.dbusmenu' on object at path /com/canonical/menu/3A001F4"
[31mvoid DBusMenuImporter::slotGetLayoutFinished(QDBusPendingCallWatcher*)[0m: "No such interface 'com.canonical.dbusmenu' on object at path /com/canonical/menu/3A001F7"
[31mvoid DBusMenuImporter::slotGetLayoutFinished(QDBusPendingCallWatcher*)[0m: "No such interface 'com.canonical.dbusmenu' on object at path /com/canonical/menu/3A001F7"
[31mvoid DBusMenuImporter::slotGetLayoutFinished(QDBusPendingCallWatcher*)[0m: "No such interface 'com.canonical.dbusmenu' on object at path /com/canonical/menu/3A001F7"
[31mvoid DBusMenuImporter::slotGetLayoutFinished(QDBusPendingCallWatcher*)[0m: "No such interface 'com.canonical.dbusmenu' on object at path /com/canonical/menu/3A001F7"
[31mvoid DBusMenuImporter::slotGetLayoutFinished(QDBusPendingCallWatcher*)[0m: "No such interface 'com.canonical.dbusmenu' on object at path /com/canonical/menu/3A001F7"
[31mvoid DBusMenuImporter::slotGetLayoutFinished(QDBusPendingCallWatcher*)[0m: "No such interface 'com.canonical.dbusmenu' on object at path /com/canonical/menu/3A001F7"
[31mvoid DBusMenuImporter::slotGetLayoutFinished(QDBusPendingCallWatcher*)[0m: "No such interface 'com.canonical.dbusmenu' on object at path /com/canonical/menu/3A001F7"
[31mvoid DBusMenuImporter::slotGetLayoutFinished(QDBusPendingCallWatcher*)[0m: "No such interface 'com.canonical.dbusmenu' on object at path /com/canonical/menu/3A001F7"
[31mvoid DBusMenuImporter::slotGetLayoutFinished(QDBusPendingCallWatcher*)[0m: "No such interface 'com.canonical.dbusmenu' on object at path /com/canonical/menu/3A001F4"
[31mvoid DBusMenuImporter::slotGetLayoutFinished(QDBusPendingCallWatcher*)[0m: "No such interface 'com.canonical.dbusmenu' on object at path /com/canonical/menu/3A001F4"
[31mvoid DBusMenuImporter::slotGetLayoutFinished(QDBusPendingCallWatcher*)[0m: "No such interface 'com.canonical.dbusmenu' on object at path /com/canonical/menu/3A001F4"
[31mvoid DBusMenuImporter::slotGetLayoutFinished(QDBusPendingCallWatcher*)[0m: "No such interface 'com.canonical.dbusmenu' on object at path /com/canonical/menu/3A001F4"
[31mvoid DBusMenuImporter::slotGetLayoutFinished(QDBusPendingCallWatcher*)[0m: "No such interface 'com.canonical.dbusmenu' on object at path /com/canonical/menu/3A001F4"
[31mvoid DBusMenuImporter::slotGetLayoutFinished(QDBusPendingCallWatcher*)[0m: "No such interface 'com.canonical.dbusmenu' on object at path /com/canonical/menu/3A001F4"
[31mvoid DBusMenuImporter::slotGetLayoutFinished(QDBusPendingCallWatcher*)[0m: "No such interface 'com.canonical.dbusmenu' on object at path /com/canonical/menu/3A001F4"
[31mvoid DBusMenuImporter::slotGetLayoutFinished(QDBusPendingCallWatcher*)[0m: "No such interface 'com.canonical.dbusmenu' on object at path /com/canonical/menu/3A001F4"
[31mvoid DBusMenuImporter::slotGetLayoutFinished(QDBusPendingCallWatcher*)[0m: "No such interface 'com.canonical.dbusmenu' on object at path /org/ayatana/bamf/window/58723845"
[31mvoid DBusMenuImporter::slotGetLayoutFinished(QDBusPendingCallWatcher*)[0m: "No such interface 'com.canonical.dbusmenu' on object at path /org/ayatana/bamf/window/77600458"
