2017-01-16T20:25:18.401Z - info: LOAD_TEAMS : [
  "T056AV14H"
]
2017-01-16T20:25:18.405Z - info: T056AV14H usage: 0
2017-01-16T20:25:18.418Z - info: SET_NETWORK_STATUS : "online"
2017-01-16T20:25:18.493Z - info: Bugsnag user: U3PJ9K4UV
2017-01-16T20:25:18.497Z - info: Checking network connection to Slack...
2017-01-16T20:25:18.728Z - info: WebView received redirect request from https://bitmaker-students.slack.com/ to https://bitmaker-students.slack.com/messages
2017-01-16T21:38:14.388Z - info: Checking network connection to Slack...
2017-01-16T21:42:17.388Z - info: Checking network connection to Slack...
2017-01-16T21:44:14.388Z - info: Checking network connection to Slack...
2017-01-16T21:46:15.388Z - info: Checking network connection to Slack...
2017-01-16T21:50:14.388Z - info: Checking network connection to Slack...
2017-01-16T21:52:17.388Z - info: Checking network connection to Slack...
2017-01-16T21:54:14.388Z - info: Checking network connection to Slack...
2017-01-16T22:00:17.388Z - info: Checking network connection to Slack...
2017-01-16T22:04:14.388Z - info: Checking network connection to Slack...
2017-01-16T22:12:14.388Z - info: Checking network connection to Slack...
2017-01-16T22:16:14.388Z - info: Checking network connection to Slack...
2017-01-16T22:18:14.388Z - info: Checking network connection to Slack...
2017-01-16T22:20:16.388Z - info: Checking network connection to Slack...
2017-01-16T22:22:14.388Z - info: Checking network connection to Slack...
2017-01-16T22:24:14.388Z - info: Checking network connection to Slack...
2017-01-16T22:30:19.388Z - info: Checking network connection to Slack...
2017-01-16T22:32:14.395Z - info: Checking network connection to Slack...
2017-01-16T22:38:14.388Z - info: Checking network connection to Slack...
2017-01-16T22:42:14.388Z - info: Checking network connection to Slack...
2017-01-16T22:42:15.388Z - info: Checking network connection to Slack...
2017-01-16T22:42:18.388Z - info: Checking network connection to Slack...
2017-01-16T22:44:14.388Z - info: Checking network connection to Slack...
2017-01-16T22:44:15.388Z - info: Checking network connection to Slack...
2017-01-16T22:46:16.388Z - info: Checking network connection to Slack...
2017-01-16T22:48:14.389Z - info: Checking network connection to Slack...
2017-01-16T22:50:14.388Z - info: Checking network connection to Slack...
2017-01-16T22:54:14.388Z - info: Checking network connection to Slack...
2017-01-16T22:56:16.388Z - info: Checking network connection to Slack...
2017-01-16T22:58:15.388Z - info: Checking network connection to Slack...
2017-01-16T23:00:14.388Z - info: Checking network connection to Slack...
2017-01-16T23:02:14.388Z - info: Checking network connection to Slack...
2017-01-16T23:27:13.739Z - info: SET_NETWORK_STATUS : "offline"
2017-01-16T23:27:17.389Z - info: Checking network connection to Slack...
2017-01-16T23:27:17.395Z - info: SET_NETWORK_STATUS : "online"
2017-01-17T00:24:11.388Z - info: Checking network connection to Slack...
2017-01-17T00:28:11.388Z - info: Checking network connection to Slack...
2017-01-17T00:32:13.388Z - info: Checking network connection to Slack...
2017-01-17T00:50:11.388Z - info: Checking network connection to Slack...
2017-01-17T00:52:13.388Z - info: Checking network connection to Slack...
2017-01-17T15:04:50.793Z - info: SET_NETWORK_STATUS : "offline"
2017-01-17T15:04:55.340Z - info: Checking network connection to Slack...
2017-01-17T15:04:56.340Z - info: SET_NETWORK_STATUS : "online"
2017-01-17T15:22:12.971Z - info: Checking network connection to Slack...
2017-01-17T15:38:13.971Z - info: Checking network connection to Slack...
2017-01-17T15:40:13.971Z - info: Checking network connection to Slack...
2017-01-17T15:42:11.971Z - info: Checking network connection to Slack...
2017-01-17T15:44:12.971Z - info: Checking network connection to Slack...
2017-01-17T15:56:11.971Z - info: Checking network connection to Slack...
2017-01-17T16:00:12.971Z - info: Checking network connection to Slack...
2017-01-17T16:02:12.971Z - info: Checking network connection to Slack...
2017-01-17T16:12:11.971Z - info: Checking network connection to Slack...
2017-01-17T16:14:12.971Z - info: Checking network connection to Slack...
2017-01-17T16:16:13.971Z - info: Checking network connection to Slack...
2017-01-17T16:20:12.982Z - info: Checking network connection to Slack...
2017-01-17T16:22:11.971Z - info: Checking network connection to Slack...
2017-01-17T16:32:11.971Z - info: Checking network connection to Slack...
2017-01-17T16:34:11.972Z - info: Checking network connection to Slack...
2017-01-17T16:36:14.971Z - info: Checking network connection to Slack...
2017-01-17T16:38:11.971Z - info: Checking network connection to Slack...
2017-01-17T16:40:12.971Z - info: Checking network connection to Slack...
2017-01-17T16:42:11.971Z - info: Checking network connection to Slack...
2017-01-17T16:44:11.971Z - info: Checking network connection to Slack...
2017-01-17T16:46:13.971Z - info: Checking network connection to Slack...
2017-01-17T16:48:12.971Z - info: Checking network connection to Slack...
2017-01-17T16:50:12.971Z - info: Checking network connection to Slack...
2017-01-17T16:52:12.972Z - info: Checking network connection to Slack...
2017-01-17T16:54:12.973Z - info: Checking network connection to Slack...
2017-01-17T16:56:13.971Z - info: Checking network connection to Slack...
2017-01-17T16:58:11.971Z - info: Checking network connection to Slack...
2017-01-17T17:00:12.971Z - info: Checking network connection to Slack...
2017-01-17T17:02:12.971Z - info: Checking network connection to Slack...
2017-01-17T17:04:12.971Z - info: Checking network connection to Slack...
2017-01-17T17:06:14.971Z - info: Checking network connection to Slack...
2017-01-17T17:08:11.971Z - info: Checking network connection to Slack...
2017-01-17T17:10:12.971Z - info: Checking network connection to Slack...
2017-01-17T17:12:12.974Z - info: Checking network connection to Slack...
2017-01-17T17:14:13.971Z - info: Checking network connection to Slack...
2017-01-17T17:16:12.971Z - info: Checking network connection to Slack...
2017-01-17T17:18:12.971Z - info: Checking network connection to Slack...
2017-01-17T17:20:12.971Z - info: Checking network connection to Slack...
2017-01-17T17:22:11.971Z - info: Checking network connection to Slack...
2017-01-17T17:24:13.971Z - info: Checking network connection to Slack...
2017-01-17T17:26:11.971Z - info: Checking network connection to Slack...
2017-01-17T17:28:11.971Z - info: Checking network connection to Slack...
2017-01-17T17:30:11.971Z - info: Checking network connection to Slack...
2017-01-17T17:32:12.971Z - info: Checking network connection to Slack...
2017-01-17T17:34:13.971Z - info: Checking network connection to Slack...
2017-01-17T17:36:11.971Z - info: Checking network connection to Slack...
2017-01-17T17:38:12.971Z - info: Checking network connection to Slack...
2017-01-17T17:40:11.971Z - info: Checking network connection to Slack...
2017-01-17T17:46:11.971Z - info: Checking network connection to Slack...
2017-01-17T17:48:12.971Z - info: Checking network connection to Slack...
2017-01-17T17:48:32.971Z - info: SET_NETWORK_STATUS : "offline"
2017-01-17T18:51:45.972Z - info: Checking network connection to Slack...
2017-01-17T18:51:45.974Z - info: SET_NETWORK_STATUS : "online"
2017-01-17T21:01:52.405Z - info: SET_NETWORK_STATUS : "offline"
2017-01-17T21:08:24.624Z - info: Checking network connection to Slack...
2017-01-17T21:08:25.624Z - info: SET_NETWORK_STATUS : "online"
2017-01-17T21:19:19.750Z - info: Checking network connection to Slack...
2017-01-17T21:21:20.750Z - info: Checking network connection to Slack...
2017-01-17T21:27:19.750Z - info: Checking network connection to Slack...
2017-01-17T21:29:20.750Z - info: Checking network connection to Slack...
2017-01-17T21:43:21.750Z - info: Checking network connection to Slack...
2017-01-17T21:47:20.750Z - info: Checking network connection to Slack...
