2017-01-13T15:21:33.184Z - info: No teams found to migrate
2017-01-13T15:21:33.186Z - info: Found legacy settings: {}
2017-01-13T15:21:33.186Z - info: LOAD_LEGACY : {
  "updated": {
    "settings": {
      "hasMigratedData": {
        "renderer": true
      }
    }
  }
}
2017-01-13T15:21:33.419Z - info: LOAD_TEAMS : []
2017-01-13T15:21:33.443Z - info: SET_NETWORK_STATUS : "online"
2017-01-13T15:21:33.527Z - info: Checking network connection to Slack...
2017-01-13T15:23:58.642Z - info: WebView received redirect request from https://slack.com/signin to https://bitmaker-students.slack.com/
2017-01-13T15:24:26.569Z - info: WebView received redirect request from https://bitmaker-students.slack.com/ to https://slack.com/checkcookie?redir=https%3A%2F%2Fbitmaker-students.slack.com%2Fsignin%3Fssb_success%3D1%26ssb_relogin%3D
2017-01-13T15:24:26.662Z - info: WebView received redirect request from https://slack.com/checkcookie?redir=https%3A%2F%2Fbitmaker-students.slack.com%2Fsignin%3Fssb_success%3D1%26ssb_relogin%3D to https://bitmaker-students.slack.com/signin?ssb_success=1&ssb_relogin=
2017-01-13T15:24:27.577Z - warn: Attempting to update LoginView when unmounted
2017-01-13T15:24:27.577Z - warn: Attempting to update FullScreenModal when unmounted
2017-01-13T15:24:27.577Z - warn: Attempting to update WebViewContext when unmounted
2017-01-13T15:24:27.797Z - info: WebView received redirect request from https://bitmaker-students.slack.com/ to https://bitmaker-students.slack.com/messages
2017-01-13T15:24:29.970Z - info: Bugsnag user: U3PJ9K4UV
2017-01-13T15:24:53.258Z - info: Checking network connection to Slack...
2017-01-13T15:26:52.258Z - info: Checking network connection to Slack...
2017-01-13T16:18:52.259Z - info: Checking network connection to Slack...
2017-01-13T16:20:51.258Z - info: Checking network connection to Slack...
2017-01-13T16:32:51.012Z - info: Checking network connection to Slack...
2017-01-13T16:34:53.182Z - info: Checking network connection to Slack...
2017-01-13T16:36:51.037Z - info: Checking network connection to Slack...
2017-01-13T16:38:51.051Z - info: Checking network connection to Slack...
2017-01-13T16:58:50.982Z - info: Checking network connection to Slack...
2017-01-13T17:00:51.271Z - info: Checking network connection to Slack...
2017-01-13T17:02:50.926Z - info: Checking network connection to Slack...
2017-01-13T17:08:50.744Z - info: Checking network connection to Slack...
2017-01-13T17:10:51.068Z - info: Checking network connection to Slack...
2017-01-13T17:12:50.985Z - info: Checking network connection to Slack...
2017-01-13T17:14:52.991Z - info: Checking network connection to Slack...
2017-01-13T17:16:51.445Z - info: Checking network connection to Slack...
2017-01-13T17:18:51.701Z - info: Checking network connection to Slack...
2017-01-13T17:22:51.326Z - info: Checking network connection to Slack...
2017-01-13T17:24:53.042Z - info: Checking network connection to Slack...
2017-01-13T17:26:50.878Z - info: Checking network connection to Slack...
2017-01-13T17:28:51.188Z - info: Checking network connection to Slack...
2017-01-13T17:38:51.205Z - info: Checking network connection to Slack...
2017-01-13T17:38:53.707Z - info: Checking network connection to Slack...
2017-01-13T17:38:56.207Z - info: Checking network connection to Slack...
2017-01-13T17:40:50.708Z - info: Checking network connection to Slack...
2017-01-13T17:44:53.442Z - info: SET_NETWORK_STATUS : "offline"
2017-01-13T17:44:53.636Z - info: Checking network connection to Slack...
2017-01-13T17:44:54.161Z - info: SET_NETWORK_STATUS : "online"
2017-01-13T17:46:50.639Z - info: Checking network connection to Slack...
2017-01-13T17:50:51.597Z - info: Checking network connection to Slack...
2017-01-13T17:52:53.159Z - info: Checking network connection to Slack...
2017-01-13T17:55:46.524Z - info: SET_NETWORK_STATUS : "offline"
2017-01-13T18:59:17.462Z - info: Checking network connection to Slack...
2017-01-13T18:59:19.964Z - info: Checking network connection to Slack...
2017-01-13T18:59:20.610Z - info: SET_NETWORK_STATUS : "online"
2017-01-13T21:49:05.151Z - info: SET_NETWORK_STATUS : "offline"
2017-01-15T20:39:38.092Z - info: Checking network connection to Slack...
2017-01-15T20:39:40.599Z - info: Checking network connection to Slack...
2017-01-15T20:39:43.099Z - info: Checking network connection to Slack...
2017-01-15T20:39:45.599Z - info: Checking network connection to Slack...
2017-01-15T20:39:48.099Z - info: Checking network connection to Slack...
2017-01-15T20:39:50.599Z - info: Checking network connection to Slack...
2017-01-15T20:39:53.099Z - info: Checking network connection to Slack...
2017-01-15T20:39:55.599Z - info: Checking network connection to Slack...
2017-01-15T20:39:58.099Z - info: Checking network connection to Slack...
2017-01-15T20:40:00.599Z - info: Checking network connection to Slack...
2017-01-15T20:40:03.099Z - info: Checking network connection to Slack...
2017-01-15T20:40:05.599Z - info: Checking network connection to Slack...
2017-01-15T20:40:08.099Z - info: Checking network connection to Slack...
2017-01-15T20:40:10.599Z - info: Checking network connection to Slack...
2017-01-15T20:40:13.099Z - info: Checking network connection to Slack...
2017-01-15T20:40:15.599Z - info: Checking network connection to Slack...
2017-01-15T20:40:18.098Z - info: Checking network connection to Slack...
2017-01-15T20:40:20.598Z - info: Checking network connection to Slack...
2017-01-15T20:40:23.099Z - info: Checking network connection to Slack...
2017-01-15T20:40:25.599Z - info: Checking network connection to Slack...
2017-01-15T20:40:28.100Z - info: Checking network connection to Slack...
2017-01-15T20:40:30.599Z - info: Checking network connection to Slack...
2017-01-15T20:40:33.099Z - info: Checking network connection to Slack...
2017-01-15T20:40:35.599Z - info: Checking network connection to Slack...
2017-01-15T20:40:38.099Z - info: Checking network connection to Slack...
2017-01-15T20:40:40.599Z - info: Checking network connection to Slack...
2017-01-15T20:40:43.099Z - info: Checking network connection to Slack...
2017-01-15T20:40:45.598Z - info: Checking network connection to Slack...
2017-01-15T20:40:48.099Z - info: Checking network connection to Slack...
2017-01-15T20:40:50.599Z - info: Checking network connection to Slack...
2017-01-15T20:40:53.690Z - info: Checking network connection to Slack...
2017-01-15T20:40:55.690Z - info: Checking network connection to Slack...
2017-01-15T20:40:58.690Z - info: Checking network connection to Slack...
2017-01-15T20:41:00.690Z - info: Checking network connection to Slack...
2017-01-15T20:41:03.690Z - info: Checking network connection to Slack...
2017-01-15T20:41:05.690Z - info: Checking network connection to Slack...
2017-01-15T20:41:08.690Z - info: Checking network connection to Slack...
2017-01-15T20:41:10.690Z - info: Checking network connection to Slack...
2017-01-15T20:41:13.690Z - info: Checking network connection to Slack...
2017-01-15T20:41:15.690Z - info: Checking network connection to Slack...
