2017-01-20T19:12:18.847Z - info: LOAD_TEAMS : [
  "T056AV14H"
]
2017-01-20T19:12:18.851Z - info: T056AV14H usage: 0
2017-01-20T19:12:18.862Z - info: SET_NETWORK_STATUS : "online"
2017-01-20T19:12:18.933Z - info: Bugsnag user: U3PJ9K4UV
2017-01-20T19:12:18.937Z - info: Checking network connection to Slack...
2017-01-20T19:12:19.306Z - info: WebView received redirect request from https://bitmaker-students.slack.com/ to https://bitmaker-students.slack.com/messages
2017-01-20T19:25:36.006Z - info: SET_NETWORK_STATUS : "offline"
2017-01-20T19:26:56.027Z - info: Checking network connection to Slack...
2017-01-20T19:26:57.852Z - info: Checking network connection to Slack...
2017-01-20T19:26:58.388Z - info: SET_NETWORK_STATUS : "online"
2017-01-20T19:27:43.931Z - info: Checking network connection to Slack...
2017-01-20T19:33:51.987Z - info: Checking network connection to Slack...
2017-01-20T19:33:54.488Z - info: Checking network connection to Slack...
2017-01-20T19:33:56.988Z - info: Checking network connection to Slack...
2017-01-20T19:37:52.586Z - info: SET_NETWORK_STATUS : "offline"
2017-01-20T19:37:52.801Z - info: Checking network connection to Slack...
2017-01-20T19:37:53.421Z - info: SET_NETWORK_STATUS : "online"
2017-01-20T20:03:59.471Z - info: SET_NETWORK_STATUS : "offline"
2017-01-20T21:19:14.099Z - info: Checking network connection to Slack...
2017-01-20T21:19:16.600Z - info: Checking network connection to Slack...
2017-01-20T21:19:17.179Z - info: SET_NETWORK_STATUS : "online"
2017-01-20T22:15:37.237Z - info: SET_NETWORK_STATUS : "offline"
2017-01-20T23:29:34.143Z - info: Checking network connection to Slack...
2017-01-20T23:29:36.647Z - info: Checking network connection to Slack...
2017-01-20T23:29:37.233Z - info: SET_NETWORK_STATUS : "online"
2017-01-20T23:50:51.202Z - info: Checking network connection to Slack...
2017-01-21T00:28:51.206Z - info: Checking network connection to Slack...
2017-01-21T00:32:08.624Z - info: SET_NETWORK_STATUS : "offline"
2017-01-22T19:29:40.760Z - info: Checking network connection to Slack...
2017-01-22T19:29:43.263Z - info: Checking network connection to Slack...
2017-01-22T19:29:45.763Z - info: Checking network connection to Slack...
2017-01-22T19:29:46.282Z - info: SET_NETWORK_STATUS : "online"
2017-01-22T21:42:11.008Z - info: SET_NETWORK_STATUS : "offline"
2017-01-22T22:49:29.599Z - info: Checking network connection to Slack...
2017-01-22T22:49:32.101Z - info: Checking network connection to Slack...
2017-01-22T22:49:33.311Z - info: SET_NETWORK_STATUS : "online"
2017-01-22T22:57:39.987Z - info: SET_NETWORK_STATUS : "offline"
2017-01-22T23:02:25.984Z - info: Checking network connection to Slack...
2017-01-22T23:02:28.985Z - info: Checking network connection to Slack...
2017-01-22T23:02:29.984Z - info: SET_NETWORK_STATUS : "online"
